<?xml version="1.0" encoding="UTF-8"?>
<!-- Generated by org.testng.reporters.JUnitReportReporter -->
<testsuite hostname="DESKTOP-EVHE3NO" failures="0" tests="1" name="testcases.d2" time="42.847" errors="0" timestamp="2025-09-16T16:45:07 IST" skipped="0">
  <testcase classname="testcases.d2" name="m1" time="42.847"/>
</testsuite> <!-- testcases.d2 -->
