<?xml version="1.0" encoding="UTF-8"?>
<!-- Generated by org.testng.reporters.JUnitReportReporter -->
<testsuite hostname="DESKTOP-EVHE3NO" failures="0" tests="1" name="testcases.TC_01_shopPlanLink" time="9.822" errors="0" timestamp="2025-09-17T16:23:33 IST" skipped="0">
  <testcase classname="testcases.TC_01_shopPlanLink" name="TC_01_selectplnbutton" time="9.822"/>
</testsuite> <!-- testcases.TC_01_shopPlanLink -->
