<?xml version="1.0" encoding="UTF-8"?>
<!-- Generated by org.testng.reporters.JUnitReportReporter -->
<testsuite hostname="DESKTOP-EVHE3NO" failures="0" tests="1" name="Programs.checkboxes_test" time="42.617" errors="0" timestamp="2025-09-16T16:45:07 IST" skipped="0">
  <testcase classname="Programs.checkboxes_test" name="chkbox" time="42.617"/>
</testsuite> <!-- Programs.checkboxes_test -->
