<?xml version="1.0" encoding="UTF-8"?>
<!-- Generated by org.testng.reporters.JUnitReportReporter -->
<testsuite hostname="DESKTOP-EVHE3NO" failures="0" tests="1" name="Programs.d1" time="47.609" errors="0" timestamp="2025-09-16T16:45:07 IST" skipped="0">
  <testcase classname="Programs.d1" name="dummy1" time="47.609"/>
</testsuite> <!-- Programs.d1 -->
