<?xml version="1.0" encoding="UTF-8"?>
<!-- Generated by org.testng.reporters.JUnitReportReporter -->
<testsuite hostname="DESKTOP-EVHE3NO" failures="0" tests="1" name="testcases.TC_04_selectSIMobject" time="27.862" errors="0" timestamp="2025-09-17T16:23:33 IST" skipped="0">
  <testcase classname="testcases.TC_04_selectSIMobject" name="TC_04_selet_SIM" time="27.862"/>
</testsuite> <!-- testcases.TC_04_selectSIMobject -->
