<?xml version="1.0" encoding="UTF-8"?>
<!-- Generated by org.testng.reporters.JUnitReportReporter -->
<testsuite hostname="DESKTOP-EVHE3NO" failures="0" tests="1" name="testcases.TC_05_mycartPSIMadded" time="76.832" errors="0" timestamp="2025-09-16T17:03:53 IST" skipped="0">
  <testcase classname="testcases.TC_05_mycartPSIMadded" name="TC_05_mycartPSIMaddedex" time="76.832"/>
</testsuite> <!-- testcases.TC_05_mycartPSIMadded -->
