<?xml version="1.0" encoding="UTF-8"?>
<!-- Generated by org.testng.reporters.JUnitReportReporter -->
<testsuite hostname="DESKTOP-EVHE3NO" failures="0" tests="1" name="Programs.static_webtable" time="86.246" errors="0" timestamp="2025-09-16T16:45:07 IST" skipped="0">
  <testcase classname="Programs.static_webtable" name="staticwebable" time="86.246"/>
</testsuite> <!-- Programs.static_webtable -->
