<?xml version="1.0" encoding="UTF-8"?>
<!-- Generated by org.testng.reporters.JUnitReportReporter -->
<testsuite hostname="DESKTOP-EVHE3NO" failures="0" tests="1" name="testcases.TC_03_bringYourPhone" time="34.810" errors="0" timestamp="2025-09-16T17:03:53 IST" skipped="0">
  <testcase classname="testcases.TC_03_bringYourPhone" name="TC_03_bringurphone" time="34.810"/>
</testsuite> <!-- testcases.TC_03_bringYourPhone -->
