<?xml version="1.0" encoding="UTF-8"?>
<!-- Generated by org.testng.reporters.JUnitReportReporter -->
<testsuite hostname="DESKTOP-EVHE3NO" failures="0" tests="1" name="testcases.TC_03_bringYourPhone" time="18.044" errors="0" timestamp="2025-09-17T16:23:33 IST" skipped="0">
  <testcase classname="testcases.TC_03_bringYourPhone" name="TC_03_bringurphone" time="18.044"/>
</testsuite> <!-- testcases.TC_03_bringYourPhone -->
