<?xml version="1.0" encoding="UTF-8"?>
<!-- Generated by org.testng.reporters.JUnitReportReporter -->
<testsuite hostname="DESKTOP-EVHE3NO" failures="0" tests="1" name="testcases.TC_02_selectaPlan" time="40.547" errors="0" timestamp="2025-09-16T17:03:53 IST" skipped="0">
  <testcase classname="testcases.TC_02_selectaPlan" name="TC_02_selectplan" time="40.547"/>
</testsuite> <!-- testcases.TC_02_selectaPlan -->
