<?xml version="1.0" encoding="UTF-8"?>
<!-- Generated by org.testng.reporters.JUnitReportReporter -->
<testsuite hostname="DESKTOP-EVHE3NO" failures="0" tests="1" name="testcases.TC_01_shopPlanLink" time="24.794" errors="0" timestamp="2025-09-16T17:03:53 IST" skipped="0">
  <testcase classname="testcases.TC_01_shopPlanLink" name="TC_01_selectplnbutton" time="24.794"/>
</testsuite> <!-- testcases.TC_01_shopPlanLink -->
